<?xml version="1.0" encoding="UTF-8"?>
<testsuite xmlns:xsi="http://www.w3.org/2001/XMLSchema-instance" xsi:noNamespaceSchemaLocation="https://maven.apache.org/surefire/maven-surefire-plugin/xsd/surefire-test-report-3.0.xsd" version="3.0" name="school.sptech.avaliacao.continuada2.incompleto.ConcessionariaTest" time="0.154" tests="31" errors="0" skipped="0" failures="0">
  <properties>
[...]
</properties>
  <testcase name="realizarVenda(SEM DESCONTO): Quando acionado e veiculo tiver 10 em estoque e valor de tabela inválido, deve retornar 10 após a venda" classname="school.sptech.avaliacao.continuada2.incompleto.ConcessionariaTest" time="0.037"/>
  <testcase name="aumentarEstoque() - Quando acionado com veiculo nulo e quantidade nula não deve lançar excessão" classname="school.sptech.avaliacao.continuada2.incompleto.ConcessionariaTest" time="0.003"/>
  <testcase name="getPercentualVendasComDesconto(): Deve retornar o zero no caso de nenhuma compra com desconto" classname="school.sptech.avaliacao.continuada2.incompleto.ConcessionariaTest" time="0.001"/>
  <testcase name="realizarVenda(SEM DESCONTO): Quando acionado e veiculo tiver 0 em estoque e valor de tabela inválido, deve retornar 0 após a venda" classname="school.sptech.avaliacao.continuada2.incompleto.ConcessionariaTest" time="0.002"/>
  <testcase name="getPercentualVendasComDesconto(): Deve retornar o percentual correto (100%)" classname="school.sptech.avaliacao.continuada2.incompleto.ConcessionariaTest" time="0.001"/>
  <testcase name="realizarVenda(COM VEICULO SEM VALOR TABELA): Quando acionado com veiculo sem valor tabela, não deve contabilizar venda e não deve lançar excessão" classname="school.sptech.avaliacao.continuada2.incompleto.ConcessionariaTest" time="0.004"/>
  <testcase name="realizarVenda(COM DESCONTO NEGATIVO E VEICULO NULO): Quando acionado com veiculo e desconto nulo, não deve contabilizar venda e não deve lançar excessão" classname="school.sptech.avaliacao.continuada2.incompleto.ConcessionariaTest" time="0.002">
    <system-out><![CDATA[Veiculo nulo
]]></system-out>
  </testcase>
  <testcase name="realizarVenda(SEM DESCONTO): Quando acionado e um dos veiculos nao possui estoque, deve retornar 1 no getQuantidadeVendida() e 17_537.0 no getTotalVendido()" classname="school.sptech.avaliacao.continuada2.incompleto.ConcessionariaTest" time="0.002"/>
  <testcase name="classe Concessionaria: Deve ter todos os seus atributos privados" classname="school.sptech.avaliacao.continuada2.incompleto.ConcessionariaTest" time="0.002"/>
  <testcase name="getPercentualVendasComDesconto(): Deve retornar o zero no caso de nenhuma compra com desconto e nenhuma compra sem desconto" classname="school.sptech.avaliacao.continuada2.incompleto.ConcessionariaTest" time="0.002"/>
  <testcase name="realizarVenda(COM DESCONTO NEGATIVO): Quando acionado e veiculo tiver 10 em estoque, valor de tabela for 25_550.0 e desconto for negativo, não deve contabilizar venda" classname="school.sptech.avaliacao.continuada2.incompleto.ConcessionariaTest" time="0.002"/>
  <testcase name="realizarVenda(COM VEICULO SEM ESTOQUE): Quando acionado com veiculo sem estoque, não deve contabilizar venda e não deve lançar excessão" classname="school.sptech.avaliacao.continuada2.incompleto.ConcessionariaTest" time="0.001"/>
  <testcase name="aumentarEstoque() - Quando acionado com veiculo valido e quantidade valida deve retornar 7 ao invocar getQuantidadeEstoque()" classname="school.sptech.avaliacao.continuada2.incompleto.ConcessionariaTest" time="0.002"/>
  <testcase name="getPercentualVendasComDesconto(): Deve retornar o percentual correto (50%)" classname="school.sptech.avaliacao.continuada2.incompleto.ConcessionariaTest" time="0.001"/>
  <testcase name="getPercentualVendasComDesconto(): Deve retornar o percentual correto (75%)" classname="school.sptech.avaliacao.continuada2.incompleto.ConcessionariaTest" time="0.001"/>
  <testcase name="aumentarEstoque() - Quando acionado com veiculo válido e quantidade negativa não deve alterar valor de estoque" classname="school.sptech.avaliacao.continuada2.incompleto.ConcessionariaTest" time="0.001"/>
  <testcase name="realizarVenda(COM DOIS VEICULOS, UM SEM DESCONTO, UM COM DESCONTO E UM COM VEICULO E DESCONTO NULO): Quando acionado com veiculo e desconto nulo nao deve contabilizar venda e não deve lançar excessão, deve retornar 2 vendas e 1 desconto aplicado, total 34.700" classname="school.sptech.avaliacao.continuada2.incompleto.ConcessionariaTest" time="0.002">
    <system-out><![CDATA[Veiculo nulo
]]></system-out>
  </testcase>
  <testcase name="realizarVenda(COM DESCONTO 10%): Quando acionado e veiculo tiver 10 em estoque e valor de tabela for 25_550.0, deve retornar 22_995.0 getTotalVendido(), 1 getQuantidadeVendas() e 1 getQuantidadeDescontosAplicados()" classname="school.sptech.avaliacao.continuada2.incompleto.ConcessionariaTest" time="0.001"/>
  <testcase name="aumentarEstoque() - Quando acionado com veiculo inválido e quantidade negativa não deve lançar excessão" classname="school.sptech.avaliacao.continuada2.incompleto.ConcessionariaTest" time="0.002"/>
  <testcase name="realizarVenda(SEM DESCONTO): Quando acionado e veiculo tiver 0 em estoque e valor de tabela maior que zero, deve retornar 0 após a venda" classname="school.sptech.avaliacao.continuada2.incompleto.ConcessionariaTest" time="0.001"/>
  <testcase name="aumentarEstoque() - Quando acionado com veiculo nulo e quantidade válida não deve lançar excessão" classname="school.sptech.avaliacao.continuada2.incompleto.ConcessionariaTest" time="0.002"/>
  <testcase name="classe Concessionaria: Deve ter todos os seus metodos públicos" classname="school.sptech.avaliacao.continuada2.incompleto.ConcessionariaTest" time="0.002"/>
  <testcase name="realizarVenda(SEM DESCONTO): Quando acionado e um dos veiculos nao possuir valor de tabela cadastrado e estoque, deve retornar 1 no getQuantidadeVendida() e 18.957 no getTotalVendido()" classname="school.sptech.avaliacao.continuada2.incompleto.ConcessionariaTest" time="0.001"/>
  <testcase name="classe Concessionaria: todos os atributos devem possuir Getter e não possuir Setter" classname="school.sptech.avaliacao.continuada2.incompleto.ConcessionariaTest" time="0.022"/>
  <testcase name="realizarVenda(SEM DESCONTO): Quando acionado e veiculo tiver 10 em estoque e valor de tabela maior que zero, deve retornar 9 após a venda" classname="school.sptech.avaliacao.continuada2.incompleto.ConcessionariaTest" time="0.002"/>
  <testcase name="getPercentualVendasComDesconto(): Quando acionado e somente realizar vendas com desconto, deverá retornar 100%" classname="school.sptech.avaliacao.continuada2.incompleto.ConcessionariaTest" time="0.001"/>
  <testcase name="realizarVenda(SEM DESCONTO): Quando acionado e um dos veiculos nao possuir valor de tabela cadastrado, deve retornar 1 no getQuantidadeVendida() e 42_537.0 no getTotalVendido()" classname="school.sptech.avaliacao.continuada2.incompleto.ConcessionariaTest" time="0.001"/>
  <testcase name="realizarVenda(SEM DESCONTO): Quando acionado e veiculos possuirem estoque maior que zero e valor de tabela maior que zero, deve retornar 2 no getQuantidadeVendida() e 27.537 no getTotalVendido()" classname="school.sptech.avaliacao.continuada2.incompleto.ConcessionariaTest" time="0.001"/>
  <testcase name="aumentarEstoque() - Quando acionado com veiculo válido e quantidade nula não deve lançar excessão" classname="school.sptech.avaliacao.continuada2.incompleto.ConcessionariaTest" time="0.002"/>
  <testcase name="realizarVenda(COM VEICULO SEM VALOR TABELA E SEM ESTOQUE): Quando acionado com veiculo sem valor tabela e sem estoque, não deve contabilizar venda e não deve lançar excessão" classname="school.sptech.avaliacao.continuada2.incompleto.ConcessionariaTest" time="0.001"/>
  <testcase name="realizarVenda(COM DESCONTO nulo): Quando acionado e veiculo tiver 10 em estoque, valor de tabela for 25_550.0 e desconto for nulo, não deve lançar execessão" classname="school.sptech.avaliacao.continuada2.incompleto.ConcessionariaTest" time="0.001"/>
</testsuite>